2012-11-12 10:42:24,875 [pool-5-thread-1] ERROR StackTrace  - Full Stack Trace:
java.lang.ClassNotFoundException: org.codehaus.groovy.grails.web.util.Log4jConfigListener
	at org.grails.plugins.tomcat.ParentDelegatingClassLoader.findClass(ParentDelegatingClassLoader.java:46)
	at java.lang.ClassLoader.loadClass(ClassLoader.java:306)
	at java.lang.ClassLoader.loadClass(ClassLoader.java:247)
	at org.apache.catalina.core.DefaultInstanceManager.loadClass(DefaultInstanceManager.java:525)
	at org.apache.catalina.core.DefaultInstanceManager.loadClassMaybePrivileged(DefaultInstanceManager.java:507)
	at org.apache.catalina.core.DefaultInstanceManager.newInstance(DefaultInstanceManager.java:124)
	at org.apache.catalina.core.StandardContext.listenerStart(StandardContext.java:4715)
	at org.apache.catalina.core.StandardContext.startInternal(StandardContext.java:5273)
	at org.apache.catalina.util.LifecycleBase.start(LifecycleBase.java:150)
	at org.apache.catalina.core.ContainerBase$StartChild.call(ContainerBase.java:1568)
	at org.apache.catalina.core.ContainerBase$StartChild.call(ContainerBase.java:1558)
	at java.util.concurrent.FutureTask$Sync.innerRun(FutureTask.java:303)
	at java.util.concurrent.FutureTask.run(FutureTask.java:138)
	at java.util.concurrent.ThreadPoolExecutor$Worker.runTask(ThreadPoolExecutor.java:886)
	at java.util.concurrent.ThreadPoolExecutor$Worker.run(ThreadPoolExecutor.java:908)
	at java.lang.Thread.run(Thread.java:662)
2012-11-12 10:42:24,875 [pool-5-thread-1] ERROR StackTrace  - Full Stack Trace:
java.lang.ClassNotFoundException: org.codehaus.groovy.grails.web.util.Log4jConfigListener
	at org.grails.plugins.tomcat.ParentDelegatingClassLoader.findClass(ParentDelegatingClassLoader.java:46)
	at java.lang.ClassLoader.loadClass(ClassLoader.java:306)
	at java.lang.ClassLoader.loadClass(ClassLoader.java:247)
	at java.util.concurrent.FutureTask$Sync.innerRun(FutureTask.java:303)
	at java.util.concurrent.FutureTask.run(FutureTask.java:138)
	at java.util.concurrent.ThreadPoolExecutor$Worker.runTask(ThreadPoolExecutor.java:886)
	at java.util.concurrent.ThreadPoolExecutor$Worker.run(ThreadPoolExecutor.java:908)
	at java.lang.Thread.run(Thread.java:662)
2012-11-12 10:47:31,875 [pool-5-thread-1] ERROR StackTrace  - Full Stack Trace:
java.lang.ClassNotFoundException: org.codehaus.groovy.grails.web.util.Log4jConfigListener
	at org.grails.plugins.tomcat.ParentDelegatingClassLoader.findClass(ParentDelegatingClassLoader.java:46)
	at java.lang.ClassLoader.loadClass(ClassLoader.java:306)
	at java.lang.ClassLoader.loadClass(ClassLoader.java:247)
	at org.apache.catalina.core.DefaultInstanceManager.loadClass(DefaultInstanceManager.java:525)
	at org.apache.catalina.core.DefaultInstanceManager.loadClassMaybePrivileged(DefaultInstanceManager.java:507)
	at org.apache.catalina.core.DefaultInstanceManager.newInstance(DefaultInstanceManager.java:124)
	at org.apache.catalina.core.StandardContext.listenerStart(StandardContext.java:4715)
	at org.apache.catalina.core.StandardContext.startInternal(StandardContext.java:5273)
	at org.apache.catalina.util.LifecycleBase.start(LifecycleBase.java:150)
	at org.apache.catalina.core.ContainerBase$StartChild.call(ContainerBase.java:1568)
	at org.apache.catalina.core.ContainerBase$StartChild.call(ContainerBase.java:1558)
	at java.util.concurrent.FutureTask$Sync.innerRun(FutureTask.java:303)
	at java.util.concurrent.FutureTask.run(FutureTask.java:138)
	at java.util.concurrent.ThreadPoolExecutor$Worker.runTask(ThreadPoolExecutor.java:886)
	at java.util.concurrent.ThreadPoolExecutor$Worker.run(ThreadPoolExecutor.java:908)
	at java.lang.Thread.run(Thread.java:662)
2012-11-12 10:47:31,890 [pool-5-thread-1] ERROR StackTrace  - Full Stack Trace:
java.lang.ClassNotFoundException: org.codehaus.groovy.grails.web.util.Log4jConfigListener
	at org.grails.plugins.tomcat.ParentDelegatingClassLoader.findClass(ParentDelegatingClassLoader.java:46)
	at java.lang.ClassLoader.loadClass(ClassLoader.java:306)
	at java.lang.ClassLoader.loadClass(ClassLoader.java:247)
	at java.util.concurrent.FutureTask$Sync.innerRun(FutureTask.java:303)
	at java.util.concurrent.FutureTask.run(FutureTask.java:138)
	at java.util.concurrent.ThreadPoolExecutor$Worker.runTask(ThreadPoolExecutor.java:886)
	at java.util.concurrent.ThreadPoolExecutor$Worker.run(ThreadPoolExecutor.java:908)
	at java.lang.Thread.run(Thread.java:662)
2012-11-12 10:49:03,484 [pool-5-thread-1] ERROR StackTrace  - Full Stack Trace:
java.lang.ClassNotFoundException: org.codehaus.groovy.grails.web.util.Log4jConfigListener
	at org.grails.plugins.tomcat.ParentDelegatingClassLoader.findClass(ParentDelegatingClassLoader.java:46)
	at java.lang.ClassLoader.loadClass(ClassLoader.java:306)
	at java.lang.ClassLoader.loadClass(ClassLoader.java:247)
	at org.apache.catalina.core.DefaultInstanceManager.loadClass(DefaultInstanceManager.java:525)
	at org.apache.catalina.core.DefaultInstanceManager.loadClassMaybePrivileged(DefaultInstanceManager.java:507)
	at org.apache.catalina.core.DefaultInstanceManager.newInstance(DefaultInstanceManager.java:124)
	at org.apache.catalina.core.StandardContext.listenerStart(StandardContext.java:4715)
	at org.apache.catalina.core.StandardContext.startInternal(StandardContext.java:5273)
	at org.apache.catalina.util.LifecycleBase.start(LifecycleBase.java:150)
	at org.apache.catalina.core.ContainerBase$StartChild.call(ContainerBase.java:1568)
	at org.apache.catalina.core.ContainerBase$StartChild.call(ContainerBase.java:1558)
	at java.util.concurrent.FutureTask$Sync.innerRun(FutureTask.java:303)
	at java.util.concurrent.FutureTask.run(FutureTask.java:138)
	at java.util.concurrent.ThreadPoolExecutor$Worker.runTask(ThreadPoolExecutor.java:886)
	at java.util.concurrent.ThreadPoolExecutor$Worker.run(ThreadPoolExecutor.java:908)
	at java.lang.Thread.run(Thread.java:662)
2012-11-12 10:49:03,484 [pool-5-thread-1] ERROR StackTrace  - Full Stack Trace:
java.lang.ClassNotFoundException: org.codehaus.groovy.grails.web.util.Log4jConfigListener
	at org.grails.plugins.tomcat.ParentDelegatingClassLoader.findClass(ParentDelegatingClassLoader.java:46)
	at java.lang.ClassLoader.loadClass(ClassLoader.java:306)
	at java.lang.ClassLoader.loadClass(ClassLoader.java:247)
	at java.util.concurrent.FutureTask$Sync.innerRun(FutureTask.java:303)
	at java.util.concurrent.FutureTask.run(FutureTask.java:138)
	at java.util.concurrent.ThreadPoolExecutor$Worker.runTask(ThreadPoolExecutor.java:886)
	at java.util.concurrent.ThreadPoolExecutor$Worker.run(ThreadPoolExecutor.java:908)
	at java.lang.Thread.run(Thread.java:662)
2012-11-12 10:52:17,531 [pool-5-thread-1] ERROR StackTrace  - Full Stack Trace:
java.lang.ClassNotFoundException: org.codehaus.groovy.grails.web.util.Log4jConfigListener
	at org.grails.plugins.tomcat.ParentDelegatingClassLoader.findClass(ParentDelegatingClassLoader.java:46)
	at java.lang.ClassLoader.loadClass(ClassLoader.java:306)
	at java.lang.ClassLoader.loadClass(ClassLoader.java:247)
	at org.apache.catalina.core.DefaultInstanceManager.loadClass(DefaultInstanceManager.java:525)
	at org.apache.catalina.core.DefaultInstanceManager.loadClassMaybePrivileged(DefaultInstanceManager.java:507)
	at org.apache.catalina.core.DefaultInstanceManager.newInstance(DefaultInstanceManager.java:124)
	at org.apache.catalina.core.StandardContext.listenerStart(StandardContext.java:4715)
	at org.apache.catalina.core.StandardContext.startInternal(StandardContext.java:5273)
	at org.apache.catalina.util.LifecycleBase.start(LifecycleBase.java:150)
	at org.apache.catalina.core.ContainerBase$StartChild.call(ContainerBase.java:1568)
	at org.apache.catalina.core.ContainerBase$StartChild.call(ContainerBase.java:1558)
	at java.util.concurrent.FutureTask$Sync.innerRun(FutureTask.java:303)
	at java.util.concurrent.FutureTask.run(FutureTask.java:138)
	at java.util.concurrent.ThreadPoolExecutor$Worker.runTask(ThreadPoolExecutor.java:886)
	at java.util.concurrent.ThreadPoolExecutor$Worker.run(ThreadPoolExecutor.java:908)
	at java.lang.Thread.run(Thread.java:662)
2012-11-12 10:52:17,531 [pool-5-thread-1] ERROR StackTrace  - Full Stack Trace:
java.lang.ClassNotFoundException: org.codehaus.groovy.grails.web.util.Log4jConfigListener
	at org.grails.plugins.tomcat.ParentDelegatingClassLoader.findClass(ParentDelegatingClassLoader.java:46)
	at java.lang.ClassLoader.loadClass(ClassLoader.java:306)
	at java.lang.ClassLoader.loadClass(ClassLoader.java:247)
	at java.util.concurrent.FutureTask$Sync.innerRun(FutureTask.java:303)
	at java.util.concurrent.FutureTask.run(FutureTask.java:138)
	at java.util.concurrent.ThreadPoolExecutor$Worker.runTask(ThreadPoolExecutor.java:886)
	at java.util.concurrent.ThreadPoolExecutor$Worker.run(ThreadPoolExecutor.java:908)
	at java.lang.Thread.run(Thread.java:662)
2012-11-12 10:54:04,890 [pool-5-thread-1] ERROR StackTrace  - Full Stack Trace:
java.lang.ClassNotFoundException: org.codehaus.groovy.grails.web.util.Log4jConfigListener
	at org.grails.plugins.tomcat.ParentDelegatingClassLoader.findClass(ParentDelegatingClassLoader.java:46)
	at java.lang.ClassLoader.loadClass(ClassLoader.java:306)
	at java.lang.ClassLoader.loadClass(ClassLoader.java:247)
	at org.apache.catalina.core.DefaultInstanceManager.loadClass(DefaultInstanceManager.java:525)
	at org.apache.catalina.core.DefaultInstanceManager.loadClassMaybePrivileged(DefaultInstanceManager.java:507)
	at org.apache.catalina.core.DefaultInstanceManager.newInstance(DefaultInstanceManager.java:124)
	at org.apache.catalina.core.StandardContext.listenerStart(StandardContext.java:4715)
	at org.apache.catalina.core.StandardContext.startInternal(StandardContext.java:5273)
	at org.apache.catalina.util.LifecycleBase.start(LifecycleBase.java:150)
	at org.apache.catalina.core.ContainerBase$StartChild.call(ContainerBase.java:1568)
	at org.apache.catalina.core.ContainerBase$StartChild.call(ContainerBase.java:1558)
	at java.util.concurrent.FutureTask$Sync.innerRun(FutureTask.java:303)
	at java.util.concurrent.FutureTask.run(FutureTask.java:138)
	at java.util.concurrent.ThreadPoolExecutor$Worker.runTask(ThreadPoolExecutor.java:886)
	at java.util.concurrent.ThreadPoolExecutor$Worker.run(ThreadPoolExecutor.java:908)
	at java.lang.Thread.run(Thread.java:662)
2012-11-12 10:54:04,890 [pool-5-thread-1] ERROR StackTrace  - Full Stack Trace:
java.lang.ClassNotFoundException: org.codehaus.groovy.grails.web.util.Log4jConfigListener
	at org.grails.plugins.tomcat.ParentDelegatingClassLoader.findClass(ParentDelegatingClassLoader.java:46)
	at java.lang.ClassLoader.loadClass(ClassLoader.java:306)
	at java.lang.ClassLoader.loadClass(ClassLoader.java:247)
	at java.util.concurrent.FutureTask$Sync.innerRun(FutureTask.java:303)
	at java.util.concurrent.FutureTask.run(FutureTask.java:138)
	at java.util.concurrent.ThreadPoolExecutor$Worker.runTask(ThreadPoolExecutor.java:886)
	at java.util.concurrent.ThreadPoolExecutor$Worker.run(ThreadPoolExecutor.java:908)
	at java.lang.Thread.run(Thread.java:662)
